Compiling the CUDA compiler identification source file "CMakeCUDACompilerId.cu" failed.
Compiler: CMAKE_CUDA_COMPILER-NOTFOUND 
Build flags: 
Id flags:  -v;--keep;--keep-dir;tmp

The output was:
No such file or directory


Compiling the CUDA compiler identification source file "CMakeCUDACompilerId.cu" failed.
Compiler: CMAKE_CUDA_COMPILER-NOTFOUND 
Build flags: 
Id flags:  -v;--keep;--keep-dir;tmp

The output was:
No such file or directory


Determining if the pthread_create exist failed with the following output:
Change Dir: /home/luca/Documents/CLDL-CUDA/build/CMakeFiles/CMakeTmp

Run Build Command:"/usr/bin/make" "cmTC_83f90/fast"
/usr/bin/make -f CMakeFiles/cmTC_83f90.dir/build.make CMakeFiles/cmTC_83f90.dir/build
make[1]: Entering directory '/home/luca/Documents/CLDL-CUDA/build/CMakeFiles/CMakeTmp'
Building CXX object CMakeFiles/cmTC_83f90.dir/CheckSymbolExists.cxx.o
/usr/bin/c++     -o CMakeFiles/cmTC_83f90.dir/CheckSymbolExists.cxx.o -c /home/luca/Documents/CLDL-CUDA/build/CMakeFiles/CMakeTmp/CheckSymbolExists.cxx
Linking CXX executable cmTC_83f90
/usr/bin/cmake -E cmake_link_script CMakeFiles/cmTC_83f90.dir/link.txt --verbose=1
/usr/bin/c++       CMakeFiles/cmTC_83f90.dir/CheckSymbolExists.cxx.o  -o cmTC_83f90 
CMakeFiles/cmTC_83f90.dir/CheckSymbolExists.cxx.o: In function `main':
CheckSymbolExists.cxx:(.text+0x14): undefined reference to `pthread_create'
CheckSymbolExists.cxx:(.text+0x18): undefined reference to `pthread_create'
collect2: error: ld returned 1 exit status
CMakeFiles/cmTC_83f90.dir/build.make:97: recipe for target 'cmTC_83f90' failed
make[1]: *** [cmTC_83f90] Error 1
make[1]: Leaving directory '/home/luca/Documents/CLDL-CUDA/build/CMakeFiles/CMakeTmp'
Makefile:126: recipe for target 'cmTC_83f90/fast' failed
make: *** [cmTC_83f90/fast] Error 2

File /home/luca/Documents/CLDL-CUDA/build/CMakeFiles/CMakeTmp/CheckSymbolExists.cxx:
/* */
#include <pthread.h>

int main(int argc, char** argv)
{
  (void)argv;
#ifndef pthread_create
  return ((int*)(&pthread_create))[argc];
#else
  (void)argc;
  return 0;
#endif
}

Determining if the function pthread_create exists in the pthreads failed with the following output:
Change Dir: /home/luca/Documents/CLDL-CUDA/build/CMakeFiles/CMakeTmp

Run Build Command:"/usr/bin/make" "cmTC_1c52b/fast"
/usr/bin/make -f CMakeFiles/cmTC_1c52b.dir/build.make CMakeFiles/cmTC_1c52b.dir/build
make[1]: Entering directory '/home/luca/Documents/CLDL-CUDA/build/CMakeFiles/CMakeTmp'
Building CXX object CMakeFiles/cmTC_1c52b.dir/CheckFunctionExists.cxx.o
/usr/bin/c++    -DCHECK_FUNCTION_EXISTS=pthread_create   -o CMakeFiles/cmTC_1c52b.dir/CheckFunctionExists.cxx.o -c /home/luca/Documents/CLDL-CUDA/build/CMakeFiles/CheckLibraryExists/CheckFunctionExists.cxx
Linking CXX executable cmTC_1c52b
/usr/bin/cmake -E cmake_link_script CMakeFiles/cmTC_1c52b.dir/link.txt --verbose=1
/usr/bin/c++   -DCHECK_FUNCTION_EXISTS=pthread_create    CMakeFiles/cmTC_1c52b.dir/CheckFunctionExists.cxx.o  -o cmTC_1c52b -lpthreads 
/usr/bin/ld: cannot find -lpthreads
collect2: error: ld returned 1 exit status
CMakeFiles/cmTC_1c52b.dir/build.make:97: recipe for target 'cmTC_1c52b' failed
make[1]: *** [cmTC_1c52b] Error 1
make[1]: Leaving directory '/home/luca/Documents/CLDL-CUDA/build/CMakeFiles/CMakeTmp'
Makefile:126: recipe for target 'cmTC_1c52b/fast' failed
make: *** [cmTC_1c52b/fast] Error 2


